MupdfDemo1/app/build/outputs/logs/manifest-merger-debug-report.txt
-- Merging decision tree log ---
manifest
ADDED from src/main/AndroidManifest.xml:2:1-112:12
	package
		ADDED from src/main/AndroidManifest.xml:3:2-28
		INJECTED from src/main/AndroidManifest.xml
		INJECTED from src/main/AndroidManifest.xml
	android:versionName
		ADDED from src/main/AndroidManifest.xml:5:2-39
		INJECTED from src/main/AndroidManifest.xml
		INJECTED from src/main/AndroidManifest.xml
	android:versionCode
		ADDED from src/main/AndroidManifest.xml:4:2-26
		INJECTED from src/main/AndroidManifest.xml
		INJECTED from src/main/AndroidManifest.xml
	xmlns:android
		ADDED from src/main/AndroidManifest.xml:2:11-69
	android:installLocation
		ADDED from src/main/AndroidManifest.xml:6:2-32
uses-sdk
ADDED from src/main/AndroidManifest.xml:7:5-73
MERGED from [com.android.support:appcompat-v7:24.2.1] AndroidManifest.xml:21:5-23:78
MERGED from [com.android.support:support-v4:24.2.1] AndroidManifest.xml:21:5-23:54
MERGED from [com.android.support:support-compat:24.2.1] AndroidManifest.xml:21:5-23:58
MERGED from [com.android.support:support-media-compat:24.2.1] AndroidManifest.xml:21:5-23:63
MERGED from [com.android.support:support-core-utils:24.2.1] AndroidManifest.xml:21:5-23:61
MERGED from [com.android.support:support-core-ui:24.2.1] AndroidManifest.xml:21:5-23:58
MERGED from [com.android.support:support-fragment:24.2.1] AndroidManifest.xml:21:5-23:60
MERGED from [com.android.support:support-vector-drawable:24.2.1] AndroidManifest.xml:21:5-43
MERGED from [com.android.support:animated-vector-drawable:24.2.1] AndroidManifest.xml:20:5-44
	tools:overrideLibrary
		ADDED from [com.android.support:appcompat-v7:24.2.1] AndroidManifest.xml:23:9-75
	android:targetSdkVersion
		ADDED from src/main/AndroidManifest.xml:7:42-71
		INJECTED from src/main/AndroidManifest.xml
		INJECTED from src/main/AndroidManifest.xml
	android:minSdkVersion
		ADDED from src/main/AndroidManifest.xml:7:15-41
		INJECTED from src/main/AndroidManifest.xml
		INJECTED from src/main/AndroidManifest.xml
uses-permission#android.permission.WRITE_EXTERNAL_STORAGE
ADDED from src/main/AndroidManifest.xml:9:2-78
	android:name
		ADDED from src/main/AndroidManifest.xml:9:19-75
uses-permission#android.permission.INTERNET
ADDED from src/main/AndroidManifest.xml:10:2-64
	android:name
		ADDED from src/main/AndroidManifest.xml:10:19-61
uses-permission#android.permission.ACCESS_NETWORK_STATE
ADDED from src/main/AndroidManifest.xml:11:2-75
	android:name
		ADDED from src/main/AndroidManifest.xml:11:19-73
uses-permission#android.permission.READ_PHONE_STATE
ADDED from src/main/AndroidManifest.xml:12:5-74
	android:name
		ADDED from src/main/AndroidManifest.xml:12:22-72
uses-permission#android.permission.READ_EXTERNAL_STORAGE
ADDED from src/main/AndroidManifest.xml:13:5-79
	android:name
		ADDED from src/main/AndroidManifest.xml:13:22-77
application
ADDED from src/main/AndroidManifest.xml:15:2-111:16
MERGED from [com.android.support:appcompat-v7:24.2.1] AndroidManifest.xml:25:5-20
MERGED from [com.android.support:support-v4:24.2.1] AndroidManifest.xml:25:5-20
MERGED from [com.android.support:support-compat:24.2.1] AndroidManifest.xml:25:5-20
MERGED from [com.android.support:support-media-compat:24.2.1] AndroidManifest.xml:25:5-20
MERGED from [com.android.support:support-core-utils:24.2.1] AndroidManifest.xml:25:5-20
MERGED from [com.android.support:support-core-ui:24.2.1] AndroidManifest.xml:25:5-20
MERGED from [com.android.support:support-fragment:24.2.1] AndroidManifest.xml:25:5-20
MERGED from [com.android.support:support-vector-drawable:24.2.1] AndroidManifest.xml:23:5-20
MERGED from [com.android.support:animated-vector-drawable:24.2.1] AndroidManifest.xml:22:5-20
	android:label
		ADDED from src/main/AndroidManifest.xml:16:3-35
	android:supportsRtl
		ADDED from src/main/AndroidManifest.xml:20:3-29
	android:hardwareAccelerated
		ADDED from src/main/AndroidManifest.xml:18:3-37
	android:allowBackup
		ADDED from src/main/AndroidManifest.xml:19:3-29
	android:icon
		ADDED from src/main/AndroidManifest.xml:17:3-32
activity#com.example.main.MainActivity
ADDED from src/main/AndroidManifest.xml:21:3-29:14
	android:label
		ADDED from src/main/AndroidManifest.xml:23:4-25
	android:theme
		ADDED from src/main/AndroidManifest.xml:24:13-44
	android:name
		ADDED from src/main/AndroidManifest.xml:22:4-48
intent-filter#android.intent.action.MAIN+android.intent.category.LAUNCHER
ADDED from src/main/AndroidManifest.xml:25:4-28:20
action#android.intent.action.MAIN
ADDED from src/main/AndroidManifest.xml:26:5-56
	android:name
		ADDED from src/main/AndroidManifest.xml:26:13-54
category#android.intent.category.LAUNCHER
ADDED from src/main/AndroidManifest.xml:27:5-64
	android:name
		ADDED from src/main/AndroidManifest.xml:27:15-62
activity#com.artifex.mupdfdemo.ChoosePDFActivity
ADDED from src/main/AndroidManifest.xml:30:3-38:14
	android:label
		ADDED from src/main/AndroidManifest.xml:33:4-36
	android:theme
		ADDED from src/main/AndroidManifest.xml:32:4-46
	android:name
		ADDED from src/main/AndroidManifest.xml:31:4-58
intent-filter#android.intent.action.VIEW+android.intent.category.LAUNCHER
ADDED from src/main/AndroidManifest.xml:34:4-37:20
action#android.intent.action.VIEW
ADDED from src/main/AndroidManifest.xml:35:5-56
	android:name
		ADDED from src/main/AndroidManifest.xml:35:13-54
activity#com.artifex.mupdfdemo.MuPDFActivity
ADDED from src/main/AndroidManifest.xml:39:3-100:14
	android:label
		ADDED from src/main/AndroidManifest.xml:42:4-36
	android:theme
		ADDED from src/main/AndroidManifest.xml:41:4-39
	android:name
		ADDED from src/main/AndroidManifest.xml:40:4-54
intent-filter#android.intent.action.VIEW+android.intent.category.DEFAULT
ADDED from src/main/AndroidManifest.xml:43:4-48:20
category#android.intent.category.DEFAULT
ADDED from src/main/AndroidManifest.xml:45:5-63
	android:name
		ADDED from src/main/AndroidManifest.xml:45:15-61
data
ADDED from src/main/AndroidManifest.xml:46:5-62
	android:mimeType
		ADDED from src/main/AndroidManifest.xml:46:11-60
intent-filter#android.intent.action.VIEW+android.intent.category.BROWSABLE+android.intent.category.DEFAULT
ADDED from src/main/AndroidManifest.xml:64:4-72:20
category#android.intent.category.BROWSABLE
ADDED from src/main/AndroidManifest.xml:67:5-65
	android:name
		ADDED from src/main/AndroidManifest.xml:67:15-63
activity#com.artifex.mupdfdemo.OutlineActivity
ADDED from src/main/AndroidManifest.xml:101:3-105:14
	android:label
		ADDED from src/main/AndroidManifest.xml:104:4-41
	android:theme
		ADDED from src/main/AndroidManifest.xml:103:4-68
	android:name
		ADDED from src/main/AndroidManifest.xml:102:4-56
activity#com.artifex.mupdfdemo.PrintDialogActivity
ADDED from src/main/AndroidManifest.xml:106:3-110:14
	android:label
		ADDED from src/main/AndroidManifest.xml:109:4-33
	android:theme
		ADDED from src/main/AndroidManifest.xml:108:4-68
	android:name
		ADDED from src/main/AndroidManifest.xml:107:4-60